<?xml version="1.0" encoding="UTF-8"?>
<!-- Generated by org.testng.reporters.JUnitReportReporter -->
<testsuite hostname="DESKTOP-K853HKP" failures="0" tests="4" name="testnglearning.test2hello" time="0.030" errors="0" timestamp="2023-09-22T17:06:42 IST" skipped="1">
  <testcase classname="testnglearning.test2hello" name="test5" time="0.016"/>
  <testcase classname="testnglearning.test2hello" name="depends" time="0.005"/>
  <testcase classname="testnglearning.test2hello" name="test6" time="0.009"/>
  <testcase classname="testnglearning.test2hello" name="test4">
    <skipped/>
  </testcase> <!-- test4 -->
</testsuite> <!-- testnglearning.test2hello -->
