<?xml version="1.0" encoding="UTF-8"?>
<!-- Generated by org.testng.reporters.JUnitReportReporter -->
<testsuite hostname="DESKTOP-K853HKP" failures="0" tests="6" name="testnglearning.test3hello" time="0.033" errors="0" timestamp="2023-09-22T17:10:38 IST" skipped="0">
  <testcase classname="testnglearning.test3hello" name="applogin" time="0.013"/>
  <testcase classname="testnglearning.test3hello" name="applogin3" time="0.004"/>
  <testcase classname="testnglearning.test3hello" name="applogin2" time="0.002"/>
  <testcase classname="testnglearning.test3hello" name="applogin3" time="0.005"/>
  <testcase classname="testnglearning.test3hello" name="applogin3" time="0.007"/>
  <testcase classname="testnglearning.test3hello" name="applogin1" time="0.002"/>
</testsuite> <!-- testnglearning.test3hello -->
