<?xml version="1.0" encoding="UTF-8"?>
<!-- Generated by org.testng.reporters.JUnitReportReporter -->
<testsuite hostname="DESKTOP-K853HKP" failures="0" tests="1" name="testnglearning.test1hello" time="0.015" errors="0" timestamp="2023-09-22T16:12:11 IST" skipped="0">
  <testcase classname="testnglearning.test1hello" name="groupstest" time="0.015"/>
</testsuite> <!-- testnglearning.test1hello -->
